<?xml version="1.0" encoding="UTF-8"?>
<testsuites>
	<testsuite name="TestDemo-20220714095228" tests="2" file=".py" time="5.919" timestamp="2022-07-14T09:52:34" failures="0" errors="0" skipped="0">
		<testcase classname="TestDemo" name="test_api_1_get请求" time="4.709" timestamp="2022-07-14T09:52:33" file="tasks/task_running/test_case.py" line="16">
			<!--test_api_1_get请求-->
		</testcase>
		<testcase classname="TestDemo" name="test_api_2_delete请求" time="1.210" timestamp="2022-07-14T09:52:34" file="tasks/task_running/test_case.py" line="16">
			<!--test_api_2_delete请求-->
		</testcase>
	</testsuite>
</testsuites>
